\BOOKMARK [1][-]{section.1}{\376\377\137\025\212\000}{}% 1
\BOOKMARK [1][-]{section.2}{\376\377\000R\000S\000A\173\227\154\325}{}% 2
\BOOKMARK [2][-]{subsection.2.1}{\376\377\000R\000S\000A\122\240\133\306\173\227\154\325}{section.2}% 3
\BOOKMARK [2][-]{subsection.2.2}{\376\377\000R\000S\000A\166\204\145\160\133\146\200\314\146\157\123\312\213\301\146\016}{section.2}% 4
\BOOKMARK [3][-]{subsubsection.2.2.1}{\376\377\153\047\142\311\121\375\145\160}{subsection.2.2}% 5
\BOOKMARK [3][-]{subsubsection.2.2.2}{\376\377\133\214\121\150\122\151\117\131\174\373}{subsection.2.2}% 6
\BOOKMARK [3][-]{subsubsection.2.2.3}{\376\377\173\200\123\026\122\151\117\131\174\373}{subsection.2.2}% 7
\BOOKMARK [3][-]{subsubsection.2.2.4}{\376\377\153\047\142\311\121\375\145\160\166\204\171\357\140\047}{subsection.2.2}% 8
\BOOKMARK [3][-]{subsubsection.2.2.5}{\376\377\153\047\142\311\133\232\164\006}{subsection.2.2}% 9
\BOOKMARK [3][-]{subsubsection.2.2.6}{\376\377\215\071\232\154\133\232\164\006}{subsection.2.2}% 10
\BOOKMARK [2][-]{subsection.2.3}{\376\377\000R\000S\000A\166\204\145\160\133\146\133\236\163\260\123\312\213\301\146\016}{section.2}% 11
\BOOKMARK [3][-]{subsubsection.2.3.1}{\376\377\000R\000S\000A\133\236\163\260\153\145\232\244}{subsection.2.3}% 12
\BOOKMARK [3][-]{subsubsection.2.3.2}{\376\377\000R\000S\000A\133\236\163\260\166\204\213\301\146\016}{subsection.2.3}% 13
\BOOKMARK [2][-]{subsection.2.4}{\376\377\000R\000S\000A\166\204\116\343\170\001\133\236\163\260}{section.2}% 14
\BOOKMARK [1][-]{section.3}{\376\377\000S\000h\000o\000r\173\227\154\325}{}% 15
\BOOKMARK [2][-]{subsection.3.1}{\376\377\000S\000h\000o\000r\173\227\154\325\173\200\217\360}{section.3}% 16
\BOOKMARK [2][-]{subsection.3.2}{\376\377\000S\000h\000o\000r\173\227\154\325\166\204\221\317\133\120\200\314\146\157}{section.3}% 17
\BOOKMARK [3][-]{subsubsection.3.2.1}{\376\377\221\317\133\120\220\073\217\221\165\065\215\357}{subsection.3.2}% 18
\BOOKMARK [3][-]{subsubsection.3.2.2}{\376\377\221\317\133\120\122\240\154\325\126\150}{subsection.3.2}% 19
\BOOKMARK [3][-]{subsubsection.3.2.3}{\376\377\221\317\133\120\122\240\154\325\126\150\165\065\215\357}{subsection.3.2}% 20
\BOOKMARK [3][-]{subsubsection.3.2.4}{\376\377\221\317\133\120\120\205\221\314\123\366\123\330\143\142}{subsection.3.2}% 21
\BOOKMARK [3][-]{subsubsection.3.2.5}{\376\377\221\317\133\120\120\205\221\314\123\366\123\330\143\142\165\065\215\357}{subsection.3.2}% 22
\BOOKMARK [2][-]{subsection.3.3}{\376\377\000S\000h\000o\000r\173\227\154\325\166\204\123\237\164\006}{section.3}% 23
\BOOKMARK [3][-]{subsubsection.3.3.1}{\376\377\173\227\154\325\123\237\164\006\151\202\217\360}{subsection.3.3}% 24
\BOOKMARK [3][-]{subsubsection.3.3.2}{\376\377\225\356\230\230\217\154\123\026}{subsection.3.3}% 25
\BOOKMARK [3][-]{subsubsection.3.3.3}{\376\377\173\227\154\325\165\065\215\357}{subsection.3.3}% 26
\BOOKMARK [3][-]{subsubsection.3.3.4}{\376\377\140\001\166\204\157\024\123\026}{subsection.3.3}% 27
\BOOKMARK [3][-]{subsubsection.3.3.5}{\376\377\170\156\213\244\124\150\147\037}{subsection.3.3}% 28
\BOOKMARK [2][-]{subsection.3.4}{\376\377\000S\000h\000o\000r\173\227\154\325\155\101\172\013}{section.3}% 29
\BOOKMARK [2][-]{subsection.3.5}{\376\377\000S\000h\000o\000r\173\227\154\325\166\204\116\343\170\001\133\236\163\260}{section.3}% 30
\BOOKMARK [3][-]{subsubsection.3.5.1}{\376\377\000S\000h\000o\000r\173\227\154\325\116\343\170\001}{subsection.3.5}% 31
\BOOKMARK [3][-]{subsubsection.3.5.2}{\376\377\152\041\142\337\176\323\147\234\122\006\147\220}{subsection.3.5}% 32
